  Main.cpp
  TEST.cpp
  Generating Code...
  LINK : C:\Git.repos\second_cours\OOP\2D RPG\Binary\x64\Debug\2D RPG.exe not found or not built by the last incremental link; performing full link
TEST.obj : error LNK2005: main already defined in Main.obj
C:\Git.repos\second_cours\OOP\2D RPG\Binary\x64\Debug\2D RPG.exe : fatal error LNK1169: one or more multiply defined symbols found
